0 info it worked if it ends with ok
1 verbose cli [ '/Users/lao345/Documents/dev/node/bin/node',
1 verbose cli   '/Users/lao345/Documents/dev/node/bin/npm',
1 verbose cli   'start' ]
2 info using npm@1.4.14
3 info using node@v0.10.29
4 verbose node symlink /Users/lao345/Documents/dev/node/bin/node
5 verbose run-script [ 'prestart', 'start', 'poststart' ]
6 info prestart miniOAS@0.0.0
7 info start miniOAS@0.0.0
8 verbose unsafe-perm in lifecycle true
9 info miniOAS@0.0.0 Failed to exec start script
10 error miniOAS@0.0.0 start: `node ./bin/www`
10 error Exit status 8
11 error Failed at the miniOAS@0.0.0 start script.
11 error This is most likely a problem with the miniOAS package,
11 error not with npm itself.
11 error Tell the author that this fails on your system:
11 error     node ./bin/www
11 error You can get their info via:
11 error     npm owner ls miniOAS
11 error There is likely additional logging output above.
12 error System Darwin 14.0.0
13 error command "/Users/lao345/Documents/dev/node/bin/node" "/Users/lao345/Documents/dev/node/bin/npm" "start"
14 error cwd /Users/lao345/Documents/projects/miniOAS
15 error node -v v0.10.29
16 error npm -v 1.4.14
17 error code ELIFECYCLE
18 verbose exit [ 1, true ]
